<?xml version="1.0" encoding="UTF-8"?>
<!-- Generated by org.testng.reporters.JUnitXMLReporter -->
<testsuite ignored="12" hostname="LAPTOP-A838JAFJ" failures="0" tests="5" name="Smoke" time="65.818" errors="0" timestamp="2022-09-08T08:58:17 IST">
  <testcase classname="com.mystore.testcases.LoginPageTest" name="loginTest" time="12.789"/>
  <testcase classname="com.mystore.testcases.IndexPageTest" name="verifyLogo" time="0.059"/>
  <testcase classname="com.mystore.testcases.IndexPageTest" name="verifyTitle" time="0.007"/>
  <testcase classname="com.mystore.testcases.SearchResultPageTest" name="productAvailabilityTest" time="6.821"/>
  <testcase classname="com.mystore.testcases.HomePageTest" name="wishListTest" time="10.857"/>
  <testcase classname="com.mystore.testcases.HomePageTest" name="orderHistoryandDetailsTest" time="0.0">
    <ignored/>
  </testcase> <!-- orderHistoryandDetailsTest -->
  <testcase classname="com.mystore.testcases.AddToCartPageTest" name="addToCartTest" time="0.0">
    <ignored/>
  </testcase> <!-- addToCartTest -->
  <testcase classname="com.mystore.base.BaseClass" name="@BeforeTest loadConfig" time="0.0">
    <ignored/>
  </testcase> <!-- @BeforeTest loadConfig -->
  <testcase classname="com.mystore.base.BaseClass" name="@BeforeTest loadConfig" time="0.0">
    <ignored/>
  </testcase> <!-- @BeforeTest loadConfig -->
  <testcase classname="com.mystore.base.BaseClass" name="@BeforeTest loadConfig" time="0.0">
    <ignored/>
  </testcase> <!-- @BeforeTest loadConfig -->
  <testcase classname="com.mystore.base.BaseClass" name="@BeforeTest loadConfig" time="0.0">
    <ignored/>
  </testcase> <!-- @BeforeTest loadConfig -->
  <testcase classname="com.mystore.base.BaseClass" name="@BeforeTest loadConfig" time="0.0">
    <ignored/>
  </testcase> <!-- @BeforeTest loadConfig -->
  <testcase classname="com.mystore.base.BaseClass" name="@BeforeTest loadConfig" time="0.0">
    <ignored/>
  </testcase> <!-- @BeforeTest loadConfig -->
  <testcase classname="com.mystore.base.BaseClass" name="@BeforeTest loadConfig" time="0.0">
    <ignored/>
  </testcase> <!-- @BeforeTest loadConfig -->
  <testcase classname="com.mystore.testcases.OrderPageTest" name="verifyTotalPrice" time="0.0">
    <ignored/>
  </testcase> <!-- verifyTotalPrice -->
  <testcase classname="com.mystore.testcases.AccountCreationPageTest" name="verifyCreateAccountPageTest" time="0.0">
    <ignored/>
  </testcase> <!-- verifyCreateAccountPageTest -->
  <testcase classname="com.mystore.testcases.EndToEndTest" name="endToEndTest" time="0.0">
    <ignored/>
  </testcase> <!-- endToEndTest -->
</testsuite> <!-- Smoke -->
